

============================== 2022-05-23 16:00:23.086710 | d66b50ad-31dd-4aee-8c7f-1f666d055bcc ==============================
16:00:23.086740 [info ] [MainThread]: Running with dbt=1.1.0
16:00:23.101796 [debug] [MainThread]: running dbt with arguments {'write_json': True, 'use_colors': True, 'printer_width': 80, 'version_check': True, 'partial_parse': True, 'static_parser': True, 'profiles_dir': '/home/ubuntu/.dbt', 'send_anonymous_usage_stats': True, 'event_buffer_size': 100000, 'quiet': False, 'no_print': False, 'project_name': 'dbt_model', 'skip_profile_setup': False, 'which': 'init', 'indirect_selection': 'eager'}
16:00:23.102603 [debug] [MainThread]: Tracking: tracking
16:00:23.275783 [debug] [MainThread]: Sending event: {'category': 'dbt', 'action': 'invocation', 'label': 'start', 'context': [<snowplow_tracker.self_describing_json.SelfDescribingJson object at 0x7f2bedea48e0>, <snowplow_tracker.self_describing_json.SelfDescribingJson object at 0x7f2bedea4880>, <snowplow_tracker.self_describing_json.SelfDescribingJson object at 0x7f2bedea49d0>]}
16:00:23.276243 [info ] [MainThread]: Creating dbt configuration folder at /home/ubuntu/.dbt
16:00:23.284707 [debug] [MainThread]: Starter project path: /home/ubuntu/Dbt/dbt-env/lib/python3.8/site-packages/dbt/include/starter_project
16:01:54.914978 [info ] [MainThread]: Profile dbt_model written to /home/ubuntu/.dbt/profiles.yml using target's profile_template.yml and your supplied values. Run 'dbt debug' to validate the connection.
16:01:54.915432 [info ] [MainThread]: 
Your new dbt project "dbt_model" was created!

For more information on how to configure the profiles.yml file,
please consult the dbt documentation here:

  https://docs.getdbt.com/docs/configure-your-profile

One more thing:

Need help? Don't hesitate to reach out to us via GitHub issues or on Slack:

  https://community.getdbt.com/

Happy modeling!

16:01:54.915859 [debug] [MainThread]: Sending event: {'category': 'dbt', 'action': 'invocation', 'label': 'end', 'context': [<snowplow_tracker.self_describing_json.SelfDescribingJson object at 0x7f2bedea4b80>, <snowplow_tracker.self_describing_json.SelfDescribingJson object at 0x7f2bedea4af0>, <snowplow_tracker.self_describing_json.SelfDescribingJson object at 0x7f2bedea4b50>]}


============================== 2022-05-25 08:04:45.038979 | a5d27a67-b467-46c0-bdb1-0d0bef4a8e9a ==============================
08:04:45.039005 [info ] [MainThread]: Running with dbt=1.1.0
08:04:45.048940 [debug] [MainThread]: running dbt with arguments {'write_json': True, 'use_colors': True, 'printer_width': 80, 'version_check': True, 'partial_parse': True, 'static_parser': True, 'profiles_dir': '/home/ubuntu/.dbt', 'send_anonymous_usage_stats': True, 'event_buffer_size': 100000, 'quiet': False, 'no_print': False, 'config_dir': False, 'which': 'debug', 'indirect_selection': 'eager'}
08:04:45.049600 [debug] [MainThread]: Tracking: tracking
08:04:45.305885 [debug] [MainThread]: Sending event: {'category': 'dbt', 'action': 'invocation', 'label': 'start', 'context': [<snowplow_tracker.self_describing_json.SelfDescribingJson object at 0x7f94f633fa90>, <snowplow_tracker.self_describing_json.SelfDescribingJson object at 0x7f94f633fc40>, <snowplow_tracker.self_describing_json.SelfDescribingJson object at 0x7f94f633fb20>]}
08:04:48.250986 [debug] [MainThread]: Executing "git --help"
08:04:48.294927 [debug] [MainThread]: STDOUT: "b"usage: git [--version] [--help] [-C <path>] [-c <name>=<value>]\n           [--exec-path[=<path>]] [--html-path] [--man-path] [--info-path]\n           [-p | --paginate | -P | --no-pager] [--no-replace-objects] [--bare]\n           [--git-dir=<path>] [--work-tree=<path>] [--namespace=<name>]\n           <command> [<args>]\n\nThese are common Git commands used in various situations:\n\nstart a working area (see also: git help tutorial)\n   clone             Clone a repository into a new directory\n   init              Create an empty Git repository or reinitialize an existing one\n\nwork on the current change (see also: git help everyday)\n   add               Add file contents to the index\n   mv                Move or rename a file, a directory, or a symlink\n   restore           Restore working tree files\n   rm                Remove files from the working tree and from the index\n   sparse-checkout   Initialize and modify the sparse-checkout\n\nexamine the history and state (see also: git help revisions)\n   bisect            Use binary search to find the commit that introduced a bug\n   diff              Show changes between commits, commit and working tree, etc\n   grep              Print lines matching a pattern\n   log               Show commit logs\n   show              Show various types of objects\n   status            Show the working tree status\n\ngrow, mark and tweak your common history\n   branch            List, create, or delete branches\n   commit            Record changes to the repository\n   merge             Join two or more development histories together\n   rebase            Reapply commits on top of another base tip\n   reset             Reset current HEAD to the specified state\n   switch            Switch branches\n   tag               Create, list, delete or verify a tag object signed with GPG\n\ncollaborate (see also: git help workflows)\n   fetch             Download objects and refs from another repository\n   pull              Fetch from and integrate with another repository or a local branch\n   push              Update remote refs along with associated objects\n\n'git help -a' and 'git help -g' list available subcommands and some\nconcept guides. See 'git help <command>' or 'git help <concept>'\nto read about a specific subcommand or concept.\nSee 'git help git' for an overview of the system.\n""
08:04:48.296843 [debug] [MainThread]: STDERR: "b''"
08:04:48.338461 [debug] [MainThread]: Acquiring new snowflake connection "debug"
08:04:48.365704 [debug] [MainThread]: Using snowflake connection "debug"
08:04:48.376477 [debug] [MainThread]: On debug: select 1 as id
08:04:48.377303 [debug] [MainThread]: Opening a new connection, currently in state init
08:04:49.581075 [debug] [MainThread]: Snowflake adapter: Got an error when attempting to open a snowflake connection. No retries attempted: '250001: Could not connect to Snowflake backend after 0 attempt(s).Aborting'
08:04:49.581514 [debug] [MainThread]: Snowflake adapter: Error running SQL: select 1 as id
08:04:49.581707 [debug] [MainThread]: Snowflake adapter: Rolling back transaction.
08:04:49.581937 [debug] [MainThread]: On debug: No close available on handle
08:04:49.587211 [debug] [MainThread]: Sending event: {'category': 'dbt', 'action': 'invocation', 'label': 'end', 'context': [<snowplow_tracker.self_describing_json.SelfDescribingJson object at 0x7f94f03c3250>, <snowplow_tracker.self_describing_json.SelfDescribingJson object at 0x7f94f03e1af0>, <snowplow_tracker.self_describing_json.SelfDescribingJson object at 0x7f94f03e1a90>]}
08:04:49.597350 [warn ] [MainThread]: Error sending message, disabling tracking
08:04:49.597814 [debug] [MainThread]: Connection 'debug' was properly closed.


============================== 2022-05-25 08:06:55.324473 | 3b6295ef-f62c-44eb-9f83-c83be73d7084 ==============================
08:06:55.324491 [info ] [MainThread]: Running with dbt=1.1.0
08:06:55.327801 [debug] [MainThread]: running dbt with arguments {'write_json': True, 'use_colors': True, 'printer_width': 80, 'version_check': True, 'partial_parse': True, 'static_parser': True, 'profiles_dir': '/home/ubuntu/.dbt', 'send_anonymous_usage_stats': True, 'event_buffer_size': 100000, 'quiet': False, 'no_print': False, 'config_dir': False, 'which': 'debug', 'indirect_selection': 'eager'}
08:06:55.330547 [debug] [MainThread]: Tracking: tracking
08:06:55.372533 [debug] [MainThread]: Sending event: {'category': 'dbt', 'action': 'invocation', 'label': 'start', 'context': [<snowplow_tracker.self_describing_json.SelfDescribingJson object at 0x7f358a3e5ac0>, <snowplow_tracker.self_describing_json.SelfDescribingJson object at 0x7f358a3e5b80>, <snowplow_tracker.self_describing_json.SelfDescribingJson object at 0x7f358a3e5b50>]}
08:06:56.853569 [debug] [MainThread]: Executing "git --help"
08:06:56.900431 [debug] [MainThread]: STDOUT: "b"usage: git [--version] [--help] [-C <path>] [-c <name>=<value>]\n           [--exec-path[=<path>]] [--html-path] [--man-path] [--info-path]\n           [-p | --paginate | -P | --no-pager] [--no-replace-objects] [--bare]\n           [--git-dir=<path>] [--work-tree=<path>] [--namespace=<name>]\n           <command> [<args>]\n\nThese are common Git commands used in various situations:\n\nstart a working area (see also: git help tutorial)\n   clone             Clone a repository into a new directory\n   init              Create an empty Git repository or reinitialize an existing one\n\nwork on the current change (see also: git help everyday)\n   add               Add file contents to the index\n   mv                Move or rename a file, a directory, or a symlink\n   restore           Restore working tree files\n   rm                Remove files from the working tree and from the index\n   sparse-checkout   Initialize and modify the sparse-checkout\n\nexamine the history and state (see also: git help revisions)\n   bisect            Use binary search to find the commit that introduced a bug\n   diff              Show changes between commits, commit and working tree, etc\n   grep              Print lines matching a pattern\n   log               Show commit logs\n   show              Show various types of objects\n   status            Show the working tree status\n\ngrow, mark and tweak your common history\n   branch            List, create, or delete branches\n   commit            Record changes to the repository\n   merge             Join two or more development histories together\n   rebase            Reapply commits on top of another base tip\n   reset             Reset current HEAD to the specified state\n   switch            Switch branches\n   tag               Create, list, delete or verify a tag object signed with GPG\n\ncollaborate (see also: git help workflows)\n   fetch             Download objects and refs from another repository\n   pull              Fetch from and integrate with another repository or a local branch\n   push              Update remote refs along with associated objects\n\n'git help -a' and 'git help -g' list available subcommands and some\nconcept guides. See 'git help <command>' or 'git help <concept>'\nto read about a specific subcommand or concept.\nSee 'git help git' for an overview of the system.\n""
08:06:56.901772 [debug] [MainThread]: STDERR: "b''"
08:06:56.944647 [debug] [MainThread]: Acquiring new snowflake connection "debug"
08:06:56.947088 [debug] [MainThread]: Using snowflake connection "debug"
08:06:56.947557 [debug] [MainThread]: On debug: select 1 as id
08:06:56.947880 [debug] [MainThread]: Opening a new connection, currently in state init
08:06:58.079170 [debug] [MainThread]: Snowflake adapter: Got an error when attempting to open a snowflake connection. No retries attempted: '250001: Could not connect to Snowflake backend after 0 attempt(s).Aborting'
08:06:58.082372 [debug] [MainThread]: Snowflake adapter: Error running SQL: select 1 as id
08:06:58.082961 [debug] [MainThread]: Snowflake adapter: Rolling back transaction.
08:06:58.083557 [debug] [MainThread]: On debug: No close available on handle
08:06:58.091314 [debug] [MainThread]: Sending event: {'category': 'dbt', 'action': 'invocation', 'label': 'end', 'context': [<snowplow_tracker.self_describing_json.SelfDescribingJson object at 0x7f3584473fa0>, <snowplow_tracker.self_describing_json.SelfDescribingJson object at 0x7f3584474940>, <snowplow_tracker.self_describing_json.SelfDescribingJson object at 0x7f35844748e0>]}
08:06:58.122811 [warn ] [MainThread]: Error sending message, disabling tracking
08:06:58.130417 [debug] [MainThread]: Connection 'debug' was properly closed.


============================== 2022-05-25 08:09:08.236165 | 6534f436-8dac-4cac-a390-507add6d1c11 ==============================
08:09:08.236176 [info ] [MainThread]: Running with dbt=1.1.0
08:09:08.238664 [debug] [MainThread]: running dbt with arguments {'write_json': True, 'use_colors': True, 'printer_width': 80, 'version_check': True, 'partial_parse': True, 'static_parser': True, 'profiles_dir': '/home/ubuntu/.dbt', 'send_anonymous_usage_stats': True, 'event_buffer_size': 100000, 'quiet': False, 'no_print': False, 'config_dir': False, 'which': 'debug', 'indirect_selection': 'eager'}
08:09:08.238924 [debug] [MainThread]: Tracking: tracking
08:09:08.267061 [debug] [MainThread]: Sending event: {'category': 'dbt', 'action': 'invocation', 'label': 'start', 'context': [<snowplow_tracker.self_describing_json.SelfDescribingJson object at 0x7f06e198ba90>, <snowplow_tracker.self_describing_json.SelfDescribingJson object at 0x7f06e198bc40>, <snowplow_tracker.self_describing_json.SelfDescribingJson object at 0x7f06e198bb20>]}
08:09:09.426102 [debug] [MainThread]: Executing "git --help"
08:09:09.467681 [debug] [MainThread]: STDOUT: "b"usage: git [--version] [--help] [-C <path>] [-c <name>=<value>]\n           [--exec-path[=<path>]] [--html-path] [--man-path] [--info-path]\n           [-p | --paginate | -P | --no-pager] [--no-replace-objects] [--bare]\n           [--git-dir=<path>] [--work-tree=<path>] [--namespace=<name>]\n           <command> [<args>]\n\nThese are common Git commands used in various situations:\n\nstart a working area (see also: git help tutorial)\n   clone             Clone a repository into a new directory\n   init              Create an empty Git repository or reinitialize an existing one\n\nwork on the current change (see also: git help everyday)\n   add               Add file contents to the index\n   mv                Move or rename a file, a directory, or a symlink\n   restore           Restore working tree files\n   rm                Remove files from the working tree and from the index\n   sparse-checkout   Initialize and modify the sparse-checkout\n\nexamine the history and state (see also: git help revisions)\n   bisect            Use binary search to find the commit that introduced a bug\n   diff              Show changes between commits, commit and working tree, etc\n   grep              Print lines matching a pattern\n   log               Show commit logs\n   show              Show various types of objects\n   status            Show the working tree status\n\ngrow, mark and tweak your common history\n   branch            List, create, or delete branches\n   commit            Record changes to the repository\n   merge             Join two or more development histories together\n   rebase            Reapply commits on top of another base tip\n   reset             Reset current HEAD to the specified state\n   switch            Switch branches\n   tag               Create, list, delete or verify a tag object signed with GPG\n\ncollaborate (see also: git help workflows)\n   fetch             Download objects and refs from another repository\n   pull              Fetch from and integrate with another repository or a local branch\n   push              Update remote refs along with associated objects\n\n'git help -a' and 'git help -g' list available subcommands and some\nconcept guides. See 'git help <command>' or 'git help <concept>'\nto read about a specific subcommand or concept.\nSee 'git help git' for an overview of the system.\n""
08:09:09.473266 [debug] [MainThread]: STDERR: "b''"
08:09:09.516946 [debug] [MainThread]: Acquiring new snowflake connection "debug"
08:09:09.520171 [debug] [MainThread]: Using snowflake connection "debug"
08:09:09.520680 [debug] [MainThread]: On debug: select 1 as id
08:09:09.533095 [debug] [MainThread]: Opening a new connection, currently in state init
08:09:11.692089 [debug] [MainThread]: Snowflake adapter: Got an error when attempting to open a snowflake connection. No retries attempted: '250001: Could not connect to Snowflake backend after 0 attempt(s).Aborting'
08:09:11.693955 [debug] [MainThread]: Snowflake adapter: Error running SQL: select 1 as id
08:09:11.694781 [debug] [MainThread]: Snowflake adapter: Rolling back transaction.
08:09:11.695943 [debug] [MainThread]: On debug: No close available on handle
08:09:11.702820 [debug] [MainThread]: Sending event: {'category': 'dbt', 'action': 'invocation', 'label': 'end', 'context': [<snowplow_tracker.self_describing_json.SelfDescribingJson object at 0x7f06da9e5100>, <snowplow_tracker.self_describing_json.SelfDescribingJson object at 0x7f06da9ee3a0>, <snowplow_tracker.self_describing_json.SelfDescribingJson object at 0x7f06da9ee9a0>]}
08:09:11.730823 [warn ] [MainThread]: Error sending message, disabling tracking
08:09:11.734278 [debug] [MainThread]: Connection 'debug' was properly closed.


============================== 2022-05-25 08:11:50.512881 | d5846737-4699-4e57-9be5-7ef322a6bb22 ==============================
08:11:50.512903 [info ] [MainThread]: Running with dbt=1.1.0
08:11:50.519670 [debug] [MainThread]: running dbt with arguments {'write_json': True, 'use_colors': True, 'printer_width': 80, 'version_check': True, 'partial_parse': True, 'static_parser': True, 'profiles_dir': '/home/ubuntu/.dbt', 'send_anonymous_usage_stats': True, 'event_buffer_size': 100000, 'quiet': False, 'no_print': False, 'config_dir': False, 'which': 'debug', 'indirect_selection': 'eager'}
08:11:50.520232 [debug] [MainThread]: Tracking: tracking
08:11:50.568333 [debug] [MainThread]: Sending event: {'category': 'dbt', 'action': 'invocation', 'label': 'start', 'context': [<snowplow_tracker.self_describing_json.SelfDescribingJson object at 0x7faf13627ac0>, <snowplow_tracker.self_describing_json.SelfDescribingJson object at 0x7faf13627b80>, <snowplow_tracker.self_describing_json.SelfDescribingJson object at 0x7faf13627b50>]}
08:11:51.648682 [debug] [MainThread]: Executing "git --help"
08:11:51.689052 [debug] [MainThread]: STDOUT: "b"usage: git [--version] [--help] [-C <path>] [-c <name>=<value>]\n           [--exec-path[=<path>]] [--html-path] [--man-path] [--info-path]\n           [-p | --paginate | -P | --no-pager] [--no-replace-objects] [--bare]\n           [--git-dir=<path>] [--work-tree=<path>] [--namespace=<name>]\n           <command> [<args>]\n\nThese are common Git commands used in various situations:\n\nstart a working area (see also: git help tutorial)\n   clone             Clone a repository into a new directory\n   init              Create an empty Git repository or reinitialize an existing one\n\nwork on the current change (see also: git help everyday)\n   add               Add file contents to the index\n   mv                Move or rename a file, a directory, or a symlink\n   restore           Restore working tree files\n   rm                Remove files from the working tree and from the index\n   sparse-checkout   Initialize and modify the sparse-checkout\n\nexamine the history and state (see also: git help revisions)\n   bisect            Use binary search to find the commit that introduced a bug\n   diff              Show changes between commits, commit and working tree, etc\n   grep              Print lines matching a pattern\n   log               Show commit logs\n   show              Show various types of objects\n   status            Show the working tree status\n\ngrow, mark and tweak your common history\n   branch            List, create, or delete branches\n   commit            Record changes to the repository\n   merge             Join two or more development histories together\n   rebase            Reapply commits on top of another base tip\n   reset             Reset current HEAD to the specified state\n   switch            Switch branches\n   tag               Create, list, delete or verify a tag object signed with GPG\n\ncollaborate (see also: git help workflows)\n   fetch             Download objects and refs from another repository\n   pull              Fetch from and integrate with another repository or a local branch\n   push              Update remote refs along with associated objects\n\n'git help -a' and 'git help -g' list available subcommands and some\nconcept guides. See 'git help <command>' or 'git help <concept>'\nto read about a specific subcommand or concept.\nSee 'git help git' for an overview of the system.\n""
08:11:51.697737 [debug] [MainThread]: STDERR: "b''"
08:11:51.736515 [debug] [MainThread]: Acquiring new snowflake connection "debug"
08:11:51.754025 [debug] [MainThread]: Using snowflake connection "debug"
08:11:51.758004 [debug] [MainThread]: On debug: select 1 as id
08:11:51.758664 [debug] [MainThread]: Opening a new connection, currently in state init
08:11:52.899611 [debug] [MainThread]: Snowflake adapter: Got an error when attempting to open a snowflake connection. No retries attempted: '250001: Could not connect to Snowflake backend after 0 attempt(s).Aborting'
08:11:52.900714 [debug] [MainThread]: Snowflake adapter: Error running SQL: select 1 as id
08:11:52.901264 [debug] [MainThread]: Snowflake adapter: Rolling back transaction.
08:11:52.905683 [debug] [MainThread]: On debug: No close available on handle
08:11:52.914081 [debug] [MainThread]: Sending event: {'category': 'dbt', 'action': 'invocation', 'label': 'end', 'context': [<snowplow_tracker.self_describing_json.SelfDescribingJson object at 0x7faf0d6b5fa0>, <snowplow_tracker.self_describing_json.SelfDescribingJson object at 0x7faf0d6b6370>, <snowplow_tracker.self_describing_json.SelfDescribingJson object at 0x7faf0d6b66a0>]}
08:11:52.930203 [warn ] [MainThread]: Error sending message, disabling tracking
08:11:52.938574 [debug] [MainThread]: Connection 'debug' was properly closed.


============================== 2022-05-25 08:17:04.667458 | 72b83924-a451-4d54-97ef-8d9e1ef83ea9 ==============================
08:17:04.667482 [info ] [MainThread]: Running with dbt=1.1.0
08:17:04.672383 [debug] [MainThread]: running dbt with arguments {'write_json': True, 'use_colors': True, 'printer_width': 80, 'version_check': True, 'partial_parse': True, 'static_parser': True, 'profiles_dir': '/home/ubuntu/.dbt', 'send_anonymous_usage_stats': True, 'event_buffer_size': 100000, 'quiet': False, 'no_print': False, 'config_dir': False, 'which': 'debug', 'indirect_selection': 'eager'}
08:17:04.672884 [debug] [MainThread]: Tracking: tracking
08:17:04.725203 [debug] [MainThread]: Sending event: {'category': 'dbt', 'action': 'invocation', 'label': 'start', 'context': [<snowplow_tracker.self_describing_json.SelfDescribingJson object at 0x7f7115c9eac0>, <snowplow_tracker.self_describing_json.SelfDescribingJson object at 0x7f7115c9eb80>, <snowplow_tracker.self_describing_json.SelfDescribingJson object at 0x7f7115c9eb50>]}
08:17:05.811515 [debug] [MainThread]: Executing "git --help"
08:17:05.837371 [debug] [MainThread]: STDOUT: "b"usage: git [--version] [--help] [-C <path>] [-c <name>=<value>]\n           [--exec-path[=<path>]] [--html-path] [--man-path] [--info-path]\n           [-p | --paginate | -P | --no-pager] [--no-replace-objects] [--bare]\n           [--git-dir=<path>] [--work-tree=<path>] [--namespace=<name>]\n           <command> [<args>]\n\nThese are common Git commands used in various situations:\n\nstart a working area (see also: git help tutorial)\n   clone             Clone a repository into a new directory\n   init              Create an empty Git repository or reinitialize an existing one\n\nwork on the current change (see also: git help everyday)\n   add               Add file contents to the index\n   mv                Move or rename a file, a directory, or a symlink\n   restore           Restore working tree files\n   rm                Remove files from the working tree and from the index\n   sparse-checkout   Initialize and modify the sparse-checkout\n\nexamine the history and state (see also: git help revisions)\n   bisect            Use binary search to find the commit that introduced a bug\n   diff              Show changes between commits, commit and working tree, etc\n   grep              Print lines matching a pattern\n   log               Show commit logs\n   show              Show various types of objects\n   status            Show the working tree status\n\ngrow, mark and tweak your common history\n   branch            List, create, or delete branches\n   commit            Record changes to the repository\n   merge             Join two or more development histories together\n   rebase            Reapply commits on top of another base tip\n   reset             Reset current HEAD to the specified state\n   switch            Switch branches\n   tag               Create, list, delete or verify a tag object signed with GPG\n\ncollaborate (see also: git help workflows)\n   fetch             Download objects and refs from another repository\n   pull              Fetch from and integrate with another repository or a local branch\n   push              Update remote refs along with associated objects\n\n'git help -a' and 'git help -g' list available subcommands and some\nconcept guides. See 'git help <command>' or 'git help <concept>'\nto read about a specific subcommand or concept.\nSee 'git help git' for an overview of the system.\n""
08:17:05.838686 [debug] [MainThread]: STDERR: "b''"
08:17:05.864086 [debug] [MainThread]: Acquiring new snowflake connection "debug"
08:17:05.899266 [debug] [MainThread]: Using snowflake connection "debug"
08:17:05.910493 [debug] [MainThread]: On debug: select 1 as id
08:17:05.911048 [debug] [MainThread]: Opening a new connection, currently in state init
08:17:09.025085 [debug] [MainThread]: Snowflake adapter: Got an error when attempting to open a snowflake connection. No retries attempted: '250001: Could not connect to Snowflake backend after 0 attempt(s).Aborting'
08:17:09.027249 [debug] [MainThread]: Snowflake adapter: Error running SQL: select 1 as id
08:17:09.028799 [debug] [MainThread]: Snowflake adapter: Rolling back transaction.
08:17:09.029760 [debug] [MainThread]: On debug: No close available on handle
08:17:09.037090 [debug] [MainThread]: Sending event: {'category': 'dbt', 'action': 'invocation', 'label': 'end', 'context': [<snowplow_tracker.self_describing_json.SelfDescribingJson object at 0x7f710fd350d0>, <snowplow_tracker.self_describing_json.SelfDescribingJson object at 0x7f710fd2e370>, <snowplow_tracker.self_describing_json.SelfDescribingJson object at 0x7f710fd2e910>]}
08:17:09.068703 [warn ] [MainThread]: Error sending message, disabling tracking
08:17:09.075445 [debug] [MainThread]: Connection 'debug' was properly closed.
